2026-04-29 22:49:11,383 - Requested: microsoft store | Norm: microsoft store | Method: uri | Success: True | Error:  | Time: 1437ms
2026-04-29 22:51:33,032 - Requested: whatsapp | Norm: whatsapp | Method: uri | Success: True | Error:  | Time: 603ms
2026-04-29 22:52:06,287 - Requested: whatsapp | Norm: whatsapp | Method: uri | Success: True | Error:  | Time: 294ms
2026-04-29 22:52:26,703 - Requested: whatsapp | Norm: whatsapp | Method: uri | Success: True | Error:  | Time: 288ms
2026-04-29 23:05:09,955 - Requested: whatsapp | Norm: whatsapp | Method: uri | Success: True | Error:  | Time: 1074ms
2026-04-29 23:40:07,438 - Requested: whatsapp | Norm: whatsapp | Method: uri | Success: True | Error:  | Time: 1361ms
2026-04-29 23:52:41,421 - Requested: whatsapp | Norm: whatsapp | Method: uri | Success: True | Error:  | Time: 501ms
2026-04-29 23:57:24,171 - Requested: camera | Norm: camera | Method: uri | Success: True | Error:  | Time: 1589ms
2026-04-30 01:17:17,083 - Requested: spotify | Norm: spotify | Method: exe | Success: True | Error:  | Time: 22ms
2026-04-30 02:02:02,992 - Falling back to explorer launch for: chrome
open notepad
open calculator
open vscode
open whatsapp
switch to chrome
close notepad
2026-04-30 02:02:03,007 - Requested: chrome
open notepad
open calculator
open vscode
open whatsapp
switch to chrome
close notepad | Method: exe | Success: False | Error: #< CLIXML
<Objs Version="1.1.0.1" xmlns="http://schemas.microsoft.com/powershell/2004/04"><S S="Error">At line:6 char:7_x000D__x000A_</S><S S="Error">+ switch to chrome_x000D__x000A_</S><S S="Error">+       ~_x000D__x000A_</S><S S="Error">A switch statement must have one of the following:  '-file file_name' or '( expression )'._x000D__x000A_</S><S S="Error">At line:6 char:7_x000D__x000A_</S><S S="Error">+ switch to chrome_x000D__x000A_</S><S S="Error">+       ~_x000D__x000A_</S><S S="Error">Missing '{' in switch statement._x000D__x000A_</S><S S="Error">    + CategoryInfo          : ParserError: (:) [], ParentContainsErrorRecordException_x000D__x000A_</S><S S="Error">    + FullyQualifiedErrorId : PipelineValueRequired_x000D__x000A_</S><S S="Error"> _x000D__x000A_</S></Objs> | Time: 971ms
2026-04-30 02:02:18,988 - Falling back to explorer launch for: notepad
2026-04-30 02:02:19,000 - Requested: notepad | Method: exe | Success: False | Error:  | Time: 529ms
2026-04-30 02:02:38,180 - Falling back to explorer launch for: calculator
2026-04-30 02:02:38,198 - Requested: calculator | Method: exe | Success: False | Error:  | Time: 337ms
2026-04-30 02:02:41,353 - Requested: vscode | Method: exe | Success: True | Error:  | Time: 319ms
2026-04-30 02:03:07,664 - Falling back to explorer launch for: vscode app
2026-04-30 02:03:07,678 - Requested: vscode app | Method: exe | Success: False | Error: #< CLIXML
<Objs Version="1.1.0.1" xmlns="http://schemas.microsoft.com/powershell/2004/04"><Obj S="progress" RefId="0"><TN RefId="0"><T>System.Management.Automation.PSCustomObject</T><T>System.Object</T></TN><MS><I64 N="SourceId">1</I64><PR N="Record"><AV>Preparing modules for first use.</AV><AI>0</AI><Nil /><PI>-1</PI><PC>-1</PC><T>Completed</T><SR>-1</SR><SD> </SD></PR></MS></Obj><Obj S="progress" RefId="1"><TNRef RefId="0" /><MS><I64 N="SourceId">2</I64><PR N="Record"><AV>Preparing modules for first use.</AV><AI>0</AI><Nil /><PI>-1</PI><PC>-1</PC><T>Completed</T><SR>-1</SR><SD> </SD></PR></MS></Obj><Obj S="progress" RefId="2"><TNRef RefId="0" /><MS><I64 N="SourceId">2</I64><PR N="Record"><AV>Preparing modules for first use.</AV><AI>0</AI><Nil /><PI>-1</PI><PC>-1</PC><T>Completed</T><SR>-1</SR><SD> </SD></PR></MS></Obj><S S="Error">Start-Process : This command cannot be run due to the error: The system cannot find the file specified._x000D__x000A_</S><S S="Error">At line:1 char:107_x000D__x000A_</S><S S="Error">+ ... tputEncoding = [System.Text.Encoding]::UTF8; Start-Process vscode app_x000D__x000A_</S><S S="Error">+                                                  ~~~~~~~~~~~~~~~~~~~~~~~~_x000D__x000A_</S><S S="Error">    + CategoryInfo          : InvalidOperation: (:) [Start-Process], InvalidOperationException_x000D__x000A_</S><S S="Error">    + FullyQualifiedErrorId : InvalidOperationException,Microsoft.PowerShell.Commands.StartProcessCommand_x000D__x000A_</S><S S="Error"> _x000D__x000A_</S></Objs> | Time: 557ms
2026-04-30 02:03:20,926 - Falling back to explorer launch for: vscode aplication
2026-04-30 02:03:20,942 - Requested: vscode aplication | Method: exe | Success: False | Error:  | Time: 487ms
2026-04-30 02:03:57,805 - Falling back to explorer launch for: whatsapp
2026-04-30 02:03:57,815 - Requested: whatsapp | Method: exe | Success: False | Error: #< CLIXML
<Objs Version="1.1.0.1" xmlns="http://schemas.microsoft.com/powershell/2004/04"><Obj S="progress" RefId="0"><TN RefId="0"><T>System.Management.Automation.PSCustomObject</T><T>System.Object</T></TN><MS><I64 N="SourceId">1</I64><PR N="Record"><AV>Preparing modules for first use.</AV><AI>0</AI><Nil /><PI>-1</PI><PC>-1</PC><T>Completed</T><SR>-1</SR><SD> </SD></PR></MS></Obj><Obj S="progress" RefId="1"><TNRef RefId="0" /><MS><I64 N="SourceId">2</I64><PR N="Record"><AV>Preparing modules for first use.</AV><AI>0</AI><Nil /><PI>-1</PI><PC>-1</PC><T>Completed</T><SR>-1</SR><SD> </SD></PR></MS></Obj><Obj S="progress" RefId="2"><TNRef RefId="0" /><MS><I64 N="SourceId">2</I64><PR N="Record"><AV>Preparing modules for first use.</AV><AI>0</AI><Nil /><PI>-1</PI><PC>-1</PC><T>Completed</T><SR>-1</SR><SD> </SD></PR></MS></Obj><S S="Error">Start-Process : This command cannot be run due to the error: The system cannot find the file specified._x000D__x000A_</S><S S="Error">At line:1 char:107_x000D__x000A_</S><S S="Error">+ ... OutputEncoding = [System.Text.Encoding]::UTF8; Start-Process whatsapp_x000D__x000A_</S><S S="Error">+                                                    ~~~~~~~~~~~~~~~~~~~~~~_x000D__x000A_</S><S S="Error">    + CategoryInfo          : InvalidOperation: (:) [Start-Process], InvalidOperationException_x000D__x000A_</S><S S="Error">    + FullyQualifiedErrorId : InvalidOperationException,Microsoft.PowerShell.Commands.StartProcessCommand_x000D__x000A_</S><S S="Error"> _x000D__x000A_</S></Objs> | Time: 559ms
2026-04-30 02:13:31,194 - Requested: notepad | Success: True | Time: 1045ms
2026-04-30 02:14:04,031 - Requested: calculator | Success: False | Time: 24325ms
2026-04-30 02:14:40,919 - Requested: calculator app | Success: False | Time: 6397ms
2026-04-30 02:14:53,480 - Requested: chrome
search python tutorial | Success: False | Time: 2105ms
2026-04-30 02:15:36,534 - Requested: chrome in gest mode 
search python tutorial | Success: False | Time: 30633ms
2026-04-30 02:16:21,800 - Requested: youtube and search for pubg | Success: False | Time: 17944ms
2026-04-30 02:29:29,783 - Requested: spotify and play the winner takes it all | Success: False | Time: 30022ms
2026-04-30 03:20:20,410 - Requested: notepad.exe | Success: True | Time: 1026ms
2026-04-30 03:26:19,603 - Requested: spotify and play | Success: False | Time: 29896ms
2026-04-30 03:26:29,764 - Requested: spotify  and play | Success: False | Time: 8768ms
2026-04-30 03:27:13,643 - Requested: vs code | Success: False | Time: 21434ms
2026-04-30 03:27:20,305 - Requested: vs code application | Success: False | Time: 5237ms
2026-04-30 21:07:09,622 - Requested: Code.exe | Success: True | Time: 2200ms
2026-04-30 21:07:36,520 - Requested: WhatsApp | Success: False | Time: 13661ms
2026-04-30 21:08:01,741 - Requested: calc.exe | Success: False | Time: 2046ms
2026-04-30 21:39:36,690 - Requested: Code.exe | Success: True | Time: 2199ms
2026-04-30 22:32:58,568 - Requested: msedge.exe | Success: True | Time: 1020ms
2026-04-30 22:35:16,416 - Requested: spotify.exe | Success: False | Time: 43956ms
2026-04-30 22:35:41,959 - Requested: spotify.exe | Success: False | Time: 12370ms
2026-05-01 14:11:51,964 - Requested: vscode | Success: True | Time: 38835ms
2026-05-01 19:46:22,118 - Requested: chrome.exe | Success: True | Time: 1025ms
